<?xml version="1.0" encoding="UTF-8"?>
<testng-results skipped="0" failed="0" ignored="0" total="1" passed="1">
  <reporter-output>
  </reporter-output>
  <suite name="Suite" duration-ms="47653" started-at="2019-08-05T10:42:28Z" finished-at="2019-08-05T10:43:16Z">
    <groups>
    </groups>
    <test name="Test" duration-ms="47653" started-at="2019-08-05T10:42:28Z" finished-at="2019-08-05T10:43:16Z">
      <class name="tests.NewTest">
        <test-method status="PASS" signature="beforeClass()[pri:0, instance:tests.NewTest@6fb554cc]" name="beforeClass" is-config="true" duration-ms="5838" started-at="2019-08-05T10:42:28Z" finished-at="2019-08-05T10:42:34Z">
          <reporter-output>
          </reporter-output>
        </test-method> <!-- beforeClass -->
        <test-method status="PASS" signature="openMyBlog()[pri:0, instance:tests.NewTest@6fb554cc]" name="openMyBlog" duration-ms="40582" started-at="2019-08-05T10:42:34Z" finished-at="2019-08-05T10:43:15Z">
          <reporter-output>
          </reporter-output>
        </test-method> <!-- openMyBlog -->
        <test-method status="PASS" signature="afterClass()[pri:0, instance:tests.NewTest@6fb554cc]" name="afterClass" is-config="true" duration-ms="1193" started-at="2019-08-05T10:43:15Z" finished-at="2019-08-05T10:43:16Z">
          <reporter-output>
          </reporter-output>
        </test-method> <!-- afterClass -->
      </class> <!-- tests.NewTest -->
    </test> <!-- Test -->
  </suite> <!-- Suite -->
</testng-results>
